<?xml version="1.0" encoding="UTF-8"?>
<coverage generated="1555599378587" clover="3.2.0">
  <project timestamp="1555599378587" name="All files">
    <metrics statements="89" coveredstatements="27" conditionals="13" coveredconditionals="0" methods="21" coveredmethods="5" elements="123" coveredelements="32" complexity="0" loc="89" ncloc="89" packages="5" files="14" classes="14">
      <package name="src">
        <metrics statements="9" coveredstatements="0" conditionals="0" coveredconditionals="0" methods="1" coveredmethods="0"/>
        <file name="App.vue" path="/Users/nicolasfou/Works/iLab/TestingSuiteForFront/vue-hero-team/src/App.vue">
          <metrics statements="3" coveredstatements="0" conditionals="0" coveredconditionals="0" methods="0" coveredmethods="0"/>
          <line num="18" count="0" type="stmt"/>
          <line num="19" count="0" type="stmt"/>
          <line num="26" count="0" type="stmt"/>
        </file>
        <file name="main.ts" path="/Users/nicolasfou/Works/iLab/TestingSuiteForFront/vue-hero-team/src/main.ts">
          <metrics statements="6" coveredstatements="0" conditionals="0" coveredconditionals="0" methods="1" coveredmethods="0"/>
          <line num="1" count="0" type="stmt"/>
          <line num="2" count="0" type="stmt"/>
          <line num="3" count="0" type="stmt"/>
          <line num="5" count="0" type="stmt"/>
          <line num="7" count="0" type="stmt"/>
          <line num="9" count="0" type="stmt"/>
        </file>
      </package>
      <package name="src.hero-team-selector">
        <metrics statements="22" coveredstatements="0" conditionals="0" coveredconditionals="0" methods="10" coveredmethods="0"/>
        <file name="HeroTeamSelector.vue" path="/Users/nicolasfou/Works/iLab/TestingSuiteForFront/vue-hero-team/src/hero-team-selector/HeroTeamSelector.vue">
          <metrics statements="22" coveredstatements="0" conditionals="0" coveredconditionals="0" methods="10" coveredmethods="0"/>
          <line num="13" count="0" type="stmt"/>
          <line num="14" count="0" type="stmt"/>
          <line num="15" count="0" type="stmt"/>
          <line num="17" count="0" type="stmt"/>
          <line num="25" count="0" type="stmt"/>
          <line num="26" count="0" type="stmt"/>
          <line num="27" count="0" type="stmt"/>
          <line num="28" count="0" type="stmt"/>
          <line num="29" count="0" type="stmt"/>
          <line num="30" count="0" type="stmt"/>
          <line num="31" count="0" type="stmt"/>
          <line num="32" count="0" type="stmt"/>
          <line num="35" count="0" type="stmt"/>
          <line num="39" count="0" type="stmt"/>
          <line num="43" count="0" type="stmt"/>
          <line num="44" count="0" type="stmt"/>
          <line num="48" count="0" type="stmt"/>
          <line num="51" count="0" type="stmt"/>
          <line num="52" count="0" type="stmt"/>
          <line num="57" count="0" type="stmt"/>
          <line num="60" count="0" type="stmt"/>
          <line num="61" count="0" type="stmt"/>
        </file>
      </package>
      <package name="src.hero-team-selector.components">
        <metrics statements="28" coveredstatements="27" conditionals="0" coveredconditionals="0" methods="6" coveredmethods="5"/>
        <file name="EmptyCard.vue" path="/Users/nicolasfou/Works/iLab/TestingSuiteForFront/vue-hero-team/src/hero-team-selector/components/EmptyCard.vue">
          <metrics statements="2" coveredstatements="2" conditionals="0" coveredconditionals="0" methods="0" coveredmethods="0"/>
          <line num="8" count="2" type="stmt"/>
          <line num="11" count="4" type="stmt"/>
        </file>
        <file name="HeroCard.vue" path="/Users/nicolasfou/Works/iLab/TestingSuiteForFront/vue-hero-team/src/hero-team-selector/components/HeroCard.vue">
          <metrics statements="5" coveredstatements="5" conditionals="0" coveredconditionals="0" methods="1" coveredmethods="1"/>
          <line num="12" count="2" type="stmt"/>
          <line num="15" count="4" type="stmt"/>
          <line num="16" count="2" type="stmt"/>
          <line num="17" count="2" type="stmt"/>
          <line num="20" count="1" type="stmt"/>
        </file>
        <file name="HeroList.vue" path="/Users/nicolasfou/Works/iLab/TestingSuiteForFront/vue-hero-team/src/hero-team-selector/components/HeroList.vue">
          <metrics statements="6" coveredstatements="6" conditionals="0" coveredconditionals="0" methods="1" coveredmethods="1"/>
          <line num="15" count="1" type="stmt"/>
          <line num="16" count="1" type="stmt"/>
          <line num="23" count="1" type="stmt"/>
          <line num="24" count="1" type="stmt"/>
          <line num="25" count="1" type="stmt"/>
          <line num="30" count="1" type="stmt"/>
        </file>
        <file name="HeroListItem.vue" path="/Users/nicolasfou/Works/iLab/TestingSuiteForFront/vue-hero-team/src/hero-team-selector/components/HeroListItem.vue">
          <metrics statements="5" coveredstatements="5" conditionals="0" coveredconditionals="0" methods="1" coveredmethods="1"/>
          <line num="14" count="2" type="stmt"/>
          <line num="17" count="4" type="stmt"/>
          <line num="18" count="2" type="stmt"/>
          <line num="19" count="2" type="stmt"/>
          <line num="22" count="1" type="stmt"/>
        </file>
        <file name="Team.vue" path="/Users/nicolasfou/Works/iLab/TestingSuiteForFront/vue-hero-team/src/hero-team-selector/components/Team.vue">
          <metrics statements="10" coveredstatements="9" conditionals="0" coveredconditionals="0" methods="3" coveredmethods="2"/>
          <line num="18" count="1" type="stmt"/>
          <line num="19" count="1" type="stmt"/>
          <line num="20" count="1" type="stmt"/>
          <line num="28" count="1" type="stmt"/>
          <line num="29" count="1" type="stmt"/>
          <line num="30" count="1" type="stmt"/>
          <line num="32" count="1" type="stmt"/>
          <line num="33" count="1" type="stmt"/>
          <line num="36" count="1" type="stmt"/>
          <line num="37" count="0" type="stmt"/>
        </file>
      </package>
      <package name="src.hero-team-selector.services">
        <metrics statements="2" coveredstatements="0" conditionals="0" coveredconditionals="0" methods="2" coveredmethods="0"/>
        <file name="CharacterService.ts" path="/Users/nicolasfou/Works/iLab/TestingSuiteForFront/vue-hero-team/src/hero-team-selector/services/CharacterService.ts">
          <metrics statements="2" coveredstatements="0" conditionals="0" coveredconditionals="0" methods="2" coveredmethods="0"/>
          <line num="2" count="0" type="stmt"/>
          <line num="6" count="0" type="stmt"/>
        </file>
      </package>
      <package name="src.store">
        <metrics statements="28" coveredstatements="0" conditionals="13" coveredconditionals="0" methods="2" coveredmethods="0"/>
        <file name="actions.ts" path="/Users/nicolasfou/Works/iLab/TestingSuiteForFront/vue-hero-team/src/store/actions.ts">
          <metrics statements="2" coveredstatements="0" conditionals="0" coveredconditionals="0" methods="0" coveredmethods="0"/>
          <line num="3" count="0" type="stmt"/>
          <line num="7" count="0" type="stmt"/>
        </file>
        <file name="getters.ts" path="/Users/nicolasfou/Works/iLab/TestingSuiteForFront/vue-hero-team/src/store/getters.ts">
          <metrics statements="2" coveredstatements="0" conditionals="0" coveredconditionals="0" methods="0" coveredmethods="0"/>
          <line num="3" count="0" type="stmt"/>
          <line num="7" count="0" type="stmt"/>
        </file>
        <file name="index.ts" path="/Users/nicolasfou/Works/iLab/TestingSuiteForFront/vue-hero-team/src/store/index.ts">
          <metrics statements="8" coveredstatements="0" conditionals="0" coveredconditionals="0" methods="0" coveredmethods="0"/>
          <line num="1" count="0" type="stmt"/>
          <line num="2" count="0" type="stmt"/>
          <line num="3" count="0" type="stmt"/>
          <line num="4" count="0" type="stmt"/>
          <line num="5" count="0" type="stmt"/>
          <line num="6" count="0" type="stmt"/>
          <line num="8" count="0" type="stmt"/>
          <line num="10" count="0" type="stmt"/>
        </file>
        <file name="mutations.ts" path="/Users/nicolasfou/Works/iLab/TestingSuiteForFront/vue-hero-team/src/store/mutations.ts">
          <metrics statements="16" coveredstatements="0" conditionals="12" coveredconditionals="0" methods="2" coveredmethods="0"/>
          <line num="3" count="0" type="stmt"/>
          <line num="4" count="0" type="stmt"/>
          <line num="5" count="0" type="cond" truecount="0" falsecount="2"/>
          <line num="6" count="0" type="cond" truecount="0" falsecount="2"/>
          <line num="7" count="0" type="stmt"/>
          <line num="11" count="0" type="stmt"/>
          <line num="15" count="0" type="cond" truecount="0" falsecount="2"/>
          <line num="16" count="0" type="cond" truecount="0" falsecount="2"/>
          <line num="17" count="0" type="stmt"/>
          <line num="21" count="0" type="stmt"/>
          <line num="27" count="0" type="cond" truecount="0" falsecount="2"/>
          <line num="28" count="0" type="stmt"/>
          <line num="29" count="0" type="stmt"/>
          <line num="33" count="0" type="cond" truecount="0" falsecount="2"/>
          <line num="34" count="0" type="stmt"/>
          <line num="35" count="0" type="stmt"/>
        </file>
        <file name="plugins.ts" path="/Users/nicolasfou/Works/iLab/TestingSuiteForFront/vue-hero-team/src/store/plugins.ts">
          <metrics statements="0" coveredstatements="0" conditionals="1" coveredconditionals="0" methods="0" coveredmethods="0"/>
        </file>
      </package>
    </metrics>
  </project>
</coverage>
