{"/Users/nicolasfou/Works/iLab/TestingSuiteForFront/vue-hero-team/src/App.vue": {"path":"/Users/nicolasfou/Works/iLab/TestingSuiteForFront/vue-hero-team/src/App.vue","statementMap":{"0":{"start":{"line":18,"column":0},"end":{"line":null,"column":-1}},"1":{"start":{"line":19,"column":0},"end":{"line":null,"column":-1}},"2":{"start":{"line":26,"column":0},"end":{"line":null,"column":-1}},"3":{"start":{"line":26,"column":0},"end":{"line":21,"column":0}}},"fnMap":{},"branchMap":{},"s":{"0":0,"1":0,"2":0,"3":0},"f":{},"b":{}}
,"/Users/nicolasfou/Works/iLab/TestingSuiteForFront/vue-hero-team/src/main.ts": {"path":"/Users/nicolasfou/Works/iLab/TestingSuiteForFront/vue-hero-team/src/main.ts","statementMap":{"0":{"start":{"line":1,"column":0},"end":{"line":null,"column":-1}},"1":{"start":{"line":2,"column":0},"end":{"line":null,"column":-1}},"2":{"start":{"line":3,"column":0},"end":{"line":null,"column":-1}},"3":{"start":{"line":5,"column":0},"end":{"line":null,"column":-1}},"4":{"start":{"line":7,"column":0},"end":{"line":null,"column":-1}},"5":{"start":{"line":9,"column":15},"end":{"line":9,"column":16}}},"fnMap":{"0":{"name":"(anonymous_0)","decl":{"start":{"line":9,"column":10},"end":{"line":9,"column":11}},"loc":{"start":{"line":9,"column":15},"end":{"line":9,"column":16}}}},"branchMap":{},"s":{"0":0,"1":0,"2":0,"3":0,"4":0,"5":0},"f":{"0":0},"b":{}}
,"/Users/nicolasfou/Works/iLab/TestingSuiteForFront/vue-hero-team/src/hero-team-selector/HeroTeamSelector.vue": {"path":"/Users/nicolasfou/Works/iLab/TestingSuiteForFront/vue-hero-team/src/hero-team-selector/HeroTeamSelector.vue","statementMap":{"0":{"start":{"line":13,"column":0},"end":{"line":null,"column":-1}},"1":{"start":{"line":14,"column":0},"end":{"line":null,"column":-1}},"2":{"start":{"line":15,"column":0},"end":{"line":null,"column":-1}},"3":{"start":{"line":17,"column":0},"end":{"line":null,"column":-1}},"4":{"start":{"line":25,"column":0},"end":{"line":null,"column":-1}},"5":{"start":{"line":26,"column":0},"end":{"line":null,"column":-1}},"6":{"start":{"line":27,"column":0},"end":{"line":null,"column":-1}},"7":{"start":{"line":28,"column":0},"end":{"line":null,"column":-1}},"8":{"start":{"line":29,"column":0},"end":{"line":null,"column":-1}},"9":{"start":{"line":30,"column":0},"end":{"line":null,"column":-1}},"10":{"start":{"line":31,"column":0},"end":{"line":null,"column":-1}},"11":{"start":{"line":32,"column":0},"end":{"line":null,"column":-1}},"12":{"start":{"line":35,"column":0},"end":{"line":null,"column":-1}},"13":{"start":{"line":39,"column":0},"end":{"line":null,"column":-1}},"14":{"start":{"line":43,"column":0},"end":{"line":null,"column":-1}},"15":{"start":{"line":44,"column":0},"end":{"line":null,"column":-1}},"16":{"start":{"line":48,"column":0},"end":{"line":52,"column":0}},"17":{"start":{"line":48,"column":0},"end":{"line":null,"column":-1}},"18":{"start":{"line":51,"column":0},"end":{"line":null,"column":-1}},"19":{"start":{"line":52,"column":0},"end":{"line":null,"column":-1}},"20":{"start":{"line":57,"column":0},"end":{"line":61,"column":0}},"21":{"start":{"line":57,"column":0},"end":{"line":null,"column":-1}},"22":{"start":{"line":60,"column":0},"end":{"line":null,"column":-1}},"23":{"start":{"line":61,"column":0},"end":{"line":null,"column":-1}},"24":{"start":{"line":25,"column":0},"end":{"line":19,"column":0}}},"fnMap":{"0":{"name":"(anonymous_1)","decl":{"start":{"line":19,"column":0},"end":{"line":null,"column":-1}},"loc":{"start":{"line":19,"column":0},"end":{"line":64,"column":0}}},"1":{"name":"(anonymous_2)","decl":{"start":{"line":34,"column":0},"end":{"line":null,"column":-1}},"loc":{"start":{"line":34,"column":0},"end":{"line":36,"column":0}}},"2":{"name":"(anonymous_3)","decl":{"start":{"line":38,"column":0},"end":{"line":null,"column":-1}},"loc":{"start":{"line":38,"column":0},"end":{"line":40,"column":0}}},"3":{"name":"(anonymous_4)","decl":{"start":{"line":42,"column":0},"end":{"line":null,"column":-1}},"loc":{"start":{"line":42,"column":0},"end":{"line":45,"column":0}}},"4":{"name":"(anonymous_5)","decl":{"start":{"line":47,"column":0},"end":{"line":null,"column":-1}},"loc":{"start":{"line":47,"column":0},"end":{"line":54,"column":0}}},"5":{"name":"(anonymous_6)","decl":{"start":{"line":48,"column":0},"end":{"line":null,"column":-1}},"loc":{"start":{"line":48,"column":0},"end":{"line":null,"column":-1}}},"6":{"name":"(anonymous_8)","decl":{"start":{"line":52,"column":0},"end":{"line":null,"column":-1}},"loc":{"start":{"line":52,"column":0},"end":{"line":null,"column":-1}}},"7":{"name":"(anonymous_9)","decl":{"start":{"line":56,"column":0},"end":{"line":null,"column":-1}},"loc":{"start":{"line":56,"column":0},"end":{"line":63,"column":0}}},"8":{"name":"(anonymous_10)","decl":{"start":{"line":57,"column":0},"end":{"line":null,"column":-1}},"loc":{"start":{"line":57,"column":0},"end":{"line":null,"column":-1}}},"9":{"name":"(anonymous_12)","decl":{"start":{"line":61,"column":0},"end":{"line":null,"column":-1}},"loc":{"start":{"line":61,"column":0},"end":{"line":null,"column":-1}}}},"branchMap":{},"s":{"0":0,"1":0,"2":0,"3":0,"4":0,"5":0,"6":0,"7":0,"8":0,"9":0,"10":0,"11":0,"12":0,"13":0,"14":0,"15":0,"16":0,"17":0,"18":0,"19":0,"20":0,"21":0,"22":0,"23":0,"24":0},"f":{"0":0,"1":0,"2":0,"3":0,"4":0,"5":0,"6":0,"7":0,"8":0,"9":0},"b":{}}
,"/Users/nicolasfou/Works/iLab/TestingSuiteForFront/vue-hero-team/src/hero-team-selector/components/EmptyCard.vue": {"path":"/Users/nicolasfou/Works/iLab/TestingSuiteForFront/vue-hero-team/src/hero-team-selector/components/EmptyCard.vue","statementMap":{"0":{"start":{"line":8,"column":0},"end":{"line":null,"column":-1}},"1":{"start":{"line":11,"column":0},"end":{"line":null,"column":-1}}},"fnMap":{},"branchMap":{},"s":{"0":2,"1":4},"f":{},"b":{}}
,"/Users/nicolasfou/Works/iLab/TestingSuiteForFront/vue-hero-team/src/hero-team-selector/components/HeroCard.vue": {"path":"/Users/nicolasfou/Works/iLab/TestingSuiteForFront/vue-hero-team/src/hero-team-selector/components/HeroCard.vue","statementMap":{"0":{"start":{"line":12,"column":0},"end":{"line":null,"column":-1}},"1":{"start":{"line":15,"column":0},"end":{"line":null,"column":-1}},"2":{"start":{"line":20,"column":0},"end":{"line":null,"column":-1}},"3":{"start":{"line":16,"column":0},"end":{"line":null,"column":-1}},"4":{"start":{"line":17,"column":0},"end":{"line":null,"column":-1}}},"fnMap":{"0":{"name":"(anonymous_1)","decl":{"start":{"line":19,"column":0},"end":{"line":null,"column":-1}},"loc":{"start":{"line":19,"column":0},"end":{"line":24,"column":0}}}},"branchMap":{},"s":{"0":2,"1":4,"2":1,"3":2,"4":2},"f":{"0":1},"b":{}}
,"/Users/nicolasfou/Works/iLab/TestingSuiteForFront/vue-hero-team/src/hero-team-selector/components/HeroList.vue": {"path":"/Users/nicolasfou/Works/iLab/TestingSuiteForFront/vue-hero-team/src/hero-team-selector/components/HeroList.vue","statementMap":{"0":{"start":{"line":15,"column":0},"end":{"line":null,"column":-1}},"1":{"start":{"line":16,"column":0},"end":{"line":null,"column":-1}},"2":{"start":{"line":23,"column":0},"end":{"line":null,"column":-1}},"3":{"start":{"line":30,"column":0},"end":{"line":null,"column":-1}},"4":{"start":{"line":24,"column":0},"end":{"line":null,"column":-1}},"5":{"start":{"line":25,"column":0},"end":{"line":null,"column":-1}},"6":{"start":{"line":23,"column":0},"end":{"line":18,"column":0}}},"fnMap":{"0":{"name":"(anonymous_1)","decl":{"start":{"line":29,"column":0},"end":{"line":null,"column":-1}},"loc":{"start":{"line":29,"column":0},"end":{"line":31,"column":0}}}},"branchMap":{},"s":{"0":1,"1":1,"2":1,"3":1,"4":1,"5":1,"6":1},"f":{"0":1},"b":{}}
,"/Users/nicolasfou/Works/iLab/TestingSuiteForFront/vue-hero-team/src/hero-team-selector/components/HeroListItem.vue": {"path":"/Users/nicolasfou/Works/iLab/TestingSuiteForFront/vue-hero-team/src/hero-team-selector/components/HeroListItem.vue","statementMap":{"0":{"start":{"line":14,"column":0},"end":{"line":null,"column":-1}},"1":{"start":{"line":17,"column":0},"end":{"line":null,"column":-1}},"2":{"start":{"line":22,"column":0},"end":{"line":null,"column":-1}},"3":{"start":{"line":18,"column":0},"end":{"line":null,"column":-1}},"4":{"start":{"line":19,"column":0},"end":{"line":null,"column":-1}}},"fnMap":{"0":{"name":"(anonymous_1)","decl":{"start":{"line":21,"column":0},"end":{"line":null,"column":-1}},"loc":{"start":{"line":21,"column":0},"end":{"line":23,"column":0}}}},"branchMap":{},"s":{"0":2,"1":4,"2":1,"3":2,"4":2},"f":{"0":1},"b":{}}
,"/Users/nicolasfou/Works/iLab/TestingSuiteForFront/vue-hero-team/src/hero-team-selector/components/Team.vue": {"path":"/Users/nicolasfou/Works/iLab/TestingSuiteForFront/vue-hero-team/src/hero-team-selector/components/Team.vue","statementMap":{"0":{"start":{"line":18,"column":0},"end":{"line":null,"column":-1}},"1":{"start":{"line":19,"column":0},"end":{"line":null,"column":-1}},"2":{"start":{"line":20,"column":0},"end":{"line":null,"column":-1}},"3":{"start":{"line":28,"column":0},"end":{"line":null,"column":-1}},"4":{"start":{"line":32,"column":0},"end":{"line":null,"column":-1}},"5":{"start":{"line":33,"column":0},"end":{"line":null,"column":-1}},"6":{"start":{"line":37,"column":0},"end":{"line":null,"column":-1}},"7":{"start":{"line":29,"column":0},"end":{"line":null,"column":-1}},"8":{"start":{"line":30,"column":0},"end":{"line":null,"column":-1}},"9":{"start":{"line":36,"column":0},"end":{"line":null,"column":-1}},"10":{"start":{"line":28,"column":0},"end":{"line":22,"column":0}}},"fnMap":{"0":{"name":"(anonymous_1)","decl":{"start":{"line":22,"column":0},"end":{"line":null,"column":-1}},"loc":{"start":{"line":22,"column":0},"end":{"line":41,"column":0}}},"1":{"name":"(anonymous_2)","decl":{"start":{"line":36,"column":0},"end":{"line":null,"column":-1}},"loc":{"start":{"line":36,"column":0},"end":{"line":38,"column":0}}},"2":{"name":"(anonymous_3)","decl":{"start":{"line":40,"column":0},"end":{"line":null,"column":-1}},"loc":{"start":{"line":40,"column":0},"end":{"line":null,"column":-1}}}},"branchMap":{},"s":{"0":1,"1":1,"2":1,"3":1,"4":1,"5":1,"6":0,"7":1,"8":1,"9":1,"10":1},"f":{"0":1,"1":0,"2":1},"b":{}}
,"/Users/nicolasfou/Works/iLab/TestingSuiteForFront/vue-hero-team/src/hero-team-selector/services/CharacterService.ts": {"path":"/Users/nicolasfou/Works/iLab/TestingSuiteForFront/vue-hero-team/src/hero-team-selector/services/CharacterService.ts","statementMap":{"0":{"start":{"line":2,"column":2},"end":{"line":null,"column":-1}},"1":{"start":{"line":6,"column":2},"end":{"line":null,"column":-1}}},"fnMap":{"0":{"name":"fetchHeroes","decl":{"start":{"line":1,"column":16},"end":{"line":1,"column":6}},"loc":{"start":{"line":1,"column":27},"end":{"line":3,"column":1}}},"1":{"name":"fetchWicked","decl":{"start":{"line":5,"column":16},"end":{"line":5,"column":6}},"loc":{"start":{"line":5,"column":27},"end":{"line":7,"column":1}}}},"branchMap":{},"s":{"0":0,"1":0},"f":{"0":0,"1":0},"b":{}}
,"/Users/nicolasfou/Works/iLab/TestingSuiteForFront/vue-hero-team/src/store/actions.ts": {"path":"/Users/nicolasfou/Works/iLab/TestingSuiteForFront/vue-hero-team/src/store/actions.ts","statementMap":{"0":{"start":{"line":3,"column":4},"end":{"line":null,"column":-1}},"1":{"start":{"line":7,"column":4},"end":{"line":null,"column":-1}}},"fnMap":{},"branchMap":{},"s":{"0":0,"1":0},"f":{},"b":{}}
,"/Users/nicolasfou/Works/iLab/TestingSuiteForFront/vue-hero-team/src/store/getters.ts": {"path":"/Users/nicolasfou/Works/iLab/TestingSuiteForFront/vue-hero-team/src/store/getters.ts","statementMap":{"0":{"start":{"line":3,"column":4},"end":{"line":null,"column":-1}},"1":{"start":{"line":7,"column":4},"end":{"line":null,"column":-1}}},"fnMap":{},"branchMap":{},"s":{"0":0,"1":0},"f":{},"b":{}}
,"/Users/nicolasfou/Works/iLab/TestingSuiteForFront/vue-hero-team/src/store/index.ts": {"path":"/Users/nicolasfou/Works/iLab/TestingSuiteForFront/vue-hero-team/src/store/index.ts","statementMap":{"0":{"start":{"line":1,"column":0},"end":{"line":null,"column":-1}},"1":{"start":{"line":2,"column":0},"end":{"line":null,"column":-1}},"2":{"start":{"line":3,"column":0},"end":{"line":null,"column":-1}},"3":{"start":{"line":4,"column":0},"end":{"line":null,"column":-1}},"4":{"start":{"line":5,"column":0},"end":{"line":null,"column":-1}},"5":{"start":{"line":6,"column":0},"end":{"line":null,"column":-1}},"6":{"start":{"line":8,"column":0},"end":{"line":null,"column":-1}},"7":{"start":{"line":10,"column":14},"end":{"line":10,"column":0}}},"fnMap":{},"branchMap":{},"s":{"0":0,"1":0,"2":0,"3":0,"4":0,"5":0,"6":0,"7":0},"f":{},"b":{}}
,"/Users/nicolasfou/Works/iLab/TestingSuiteForFront/vue-hero-team/src/store/mutations.ts": {"path":"/Users/nicolasfou/Works/iLab/TestingSuiteForFront/vue-hero-team/src/store/mutations.ts","statementMap":{"0":{"start":{"line":3,"column":4},"end":{"line":null,"column":-1}},"1":{"start":{"line":4,"column":4},"end":{"line":null,"column":-1}},"2":{"start":{"line":5,"column":4},"end":{"line":13,"column":5}},"3":{"start":{"line":6,"column":6},"end":{"line":12,"column":7}},"4":{"start":{"line":7,"column":8},"end":{"line":null,"column":-1}},"5":{"start":{"line":11,"column":8},"end":{"line":null,"column":-1}},"6":{"start":{"line":15,"column":4},"end":{"line":23,"column":5}},"7":{"start":{"line":16,"column":6},"end":{"line":22,"column":7}},"8":{"start":{"line":17,"column":8},"end":{"line":null,"column":-1}},"9":{"start":{"line":21,"column":8},"end":{"line":null,"column":-1}},"10":{"start":{"line":27,"column":4},"end":{"line":31,"column":5}},"11":{"start":{"line":28,"column":6},"end":{"line":null,"column":-1}},"12":{"start":{"line":29,"column":23},"end":{"line":28,"column":25}},"13":{"start":{"line":33,"column":4},"end":{"line":37,"column":5}},"14":{"start":{"line":34,"column":6},"end":{"line":null,"column":-1}},"15":{"start":{"line":35,"column":23},"end":{"line":34,"column":25}}},"fnMap":{"0":{"name":"(anonymous_0)","decl":{"start":{"line":29,"column":9},"end":{"line":29,"column":7}},"loc":{"start":{"line":29,"column":23},"end":{"line":28,"column":25}}},"1":{"name":"(anonymous_1)","decl":{"start":{"line":35,"column":9},"end":{"line":35,"column":7}},"loc":{"start":{"line":35,"column":23},"end":{"line":34,"column":25}}}},"branchMap":{"0":{"loc":{"start":{"line":5,"column":4},"end":{"line":13,"column":5}},"type":"if","locations":[{"start":{"line":5,"column":4},"end":{"line":13,"column":5}},{"start":{"line":5,"column":4},"end":{"line":13,"column":5}}]},"1":{"loc":{"start":{"line":6,"column":6},"end":{"line":12,"column":7}},"type":"if","locations":[{"start":{"line":6,"column":6},"end":{"line":12,"column":7}},{"start":{"line":6,"column":6},"end":{"line":12,"column":7}}]},"2":{"loc":{"start":{"line":15,"column":4},"end":{"line":23,"column":5}},"type":"if","locations":[{"start":{"line":15,"column":4},"end":{"line":23,"column":5}},{"start":{"line":15,"column":4},"end":{"line":23,"column":5}}]},"3":{"loc":{"start":{"line":16,"column":6},"end":{"line":22,"column":7}},"type":"if","locations":[{"start":{"line":16,"column":6},"end":{"line":22,"column":7}},{"start":{"line":16,"column":6},"end":{"line":22,"column":7}}]},"4":{"loc":{"start":{"line":27,"column":4},"end":{"line":31,"column":5}},"type":"if","locations":[{"start":{"line":27,"column":4},"end":{"line":31,"column":5}},{"start":{"line":27,"column":4},"end":{"line":31,"column":5}}]},"5":{"loc":{"start":{"line":33,"column":4},"end":{"line":37,"column":5}},"type":"if","locations":[{"start":{"line":33,"column":4},"end":{"line":37,"column":5}},{"start":{"line":33,"column":4},"end":{"line":37,"column":5}}]}},"s":{"0":0,"1":0,"2":0,"3":0,"4":0,"5":0,"6":0,"7":0,"8":0,"9":0,"10":0,"11":0,"12":0,"13":0,"14":0,"15":0},"f":{"0":0,"1":0},"b":{"0":[0,0],"1":[0,0],"2":[0,0],"3":[0,0],"4":[0,0],"5":[0,0]}}
,"/Users/nicolasfou/Works/iLab/TestingSuiteForFront/vue-hero-team/src/store/plugins.ts": {"path":"/Users/nicolasfou/Works/iLab/TestingSuiteForFront/vue-hero-team/src/store/plugins.ts","statementMap":{},"fnMap":{},"branchMap":{"0":{"loc":{"start":{"line":1,"column":56},"end":{"line":1,"column":16}},"type":"cond-expr","locations":[{"start":{"line":1,"column":56},"end":{"line":1,"column":16}}]}},"s":{},"f":{},"b":{"0":[0]}}
}
