TN:
SF:/Users/nicolasfou/Works/iLab/TestingSuiteForFront/vue-hero-team/src/App.vue
FNF:0
FNH:0
DA:18,0
DA:19,0
DA:26,0
LF:3
LH:0
BRF:0
BRH:0
end_of_record
TN:
SF:/Users/nicolasfou/Works/iLab/TestingSuiteForFront/vue-hero-team/src/main.ts
FN:9,(anonymous_0)
FNF:1
FNH:0
FNDA:0,(anonymous_0)
DA:1,0
DA:2,0
DA:3,0
DA:5,0
DA:7,0
DA:9,0
LF:6
LH:0
BRF:0
BRH:0
end_of_record
TN:
SF:/Users/nicolasfou/Works/iLab/TestingSuiteForFront/vue-hero-team/src/hero-team-selector/HeroTeamSelector.vue
FN:19,(anonymous_1)
FN:34,(anonymous_2)
FN:38,(anonymous_3)
FN:42,(anonymous_4)
FN:47,(anonymous_5)
FN:48,(anonymous_6)
FN:52,(anonymous_8)
FN:56,(anonymous_9)
FN:57,(anonymous_10)
FN:61,(anonymous_12)
FNF:10
FNH:0
FNDA:0,(anonymous_1)
FNDA:0,(anonymous_2)
FNDA:0,(anonymous_3)
FNDA:0,(anonymous_4)
FNDA:0,(anonymous_5)
FNDA:0,(anonymous_6)
FNDA:0,(anonymous_8)
FNDA:0,(anonymous_9)
FNDA:0,(anonymous_10)
FNDA:0,(anonymous_12)
DA:13,0
DA:14,0
DA:15,0
DA:17,0
DA:25,0
DA:26,0
DA:27,0
DA:28,0
DA:29,0
DA:30,0
DA:31,0
DA:32,0
DA:35,0
DA:39,0
DA:43,0
DA:44,0
DA:48,0
DA:51,0
DA:52,0
DA:57,0
DA:60,0
DA:61,0
LF:22
LH:0
BRF:0
BRH:0
end_of_record
TN:
SF:/Users/nicolasfou/Works/iLab/TestingSuiteForFront/vue-hero-team/src/hero-team-selector/components/EmptyCard.vue
FNF:0
FNH:0
DA:8,2
DA:11,4
LF:2
LH:2
BRF:0
BRH:0
end_of_record
TN:
SF:/Users/nicolasfou/Works/iLab/TestingSuiteForFront/vue-hero-team/src/hero-team-selector/components/HeroCard.vue
FN:19,(anonymous_1)
FNF:1
FNH:1
FNDA:1,(anonymous_1)
DA:12,2
DA:15,4
DA:16,2
DA:17,2
DA:20,1
LF:5
LH:5
BRF:0
BRH:0
end_of_record
TN:
SF:/Users/nicolasfou/Works/iLab/TestingSuiteForFront/vue-hero-team/src/hero-team-selector/components/HeroList.vue
FN:29,(anonymous_1)
FNF:1
FNH:1
FNDA:1,(anonymous_1)
DA:15,1
DA:16,1
DA:23,1
DA:24,1
DA:25,1
DA:30,1
LF:6
LH:6
BRF:0
BRH:0
end_of_record
TN:
SF:/Users/nicolasfou/Works/iLab/TestingSuiteForFront/vue-hero-team/src/hero-team-selector/components/HeroListItem.vue
FN:21,(anonymous_1)
FNF:1
FNH:1
FNDA:1,(anonymous_1)
DA:14,2
DA:17,4
DA:18,2
DA:19,2
DA:22,1
LF:5
LH:5
BRF:0
BRH:0
end_of_record
TN:
SF:/Users/nicolasfou/Works/iLab/TestingSuiteForFront/vue-hero-team/src/hero-team-selector/components/Team.vue
FN:22,(anonymous_1)
FN:36,(anonymous_2)
FN:40,(anonymous_3)
FNF:3
FNH:2
FNDA:1,(anonymous_1)
FNDA:0,(anonymous_2)
FNDA:1,(anonymous_3)
DA:18,1
DA:19,1
DA:20,1
DA:28,1
DA:29,1
DA:30,1
DA:32,1
DA:33,1
DA:36,1
DA:37,0
LF:10
LH:9
BRF:0
BRH:0
end_of_record
TN:
SF:/Users/nicolasfou/Works/iLab/TestingSuiteForFront/vue-hero-team/src/hero-team-selector/services/CharacterService.ts
FN:1,fetchHeroes
FN:5,fetchWicked
FNF:2
FNH:0
FNDA:0,fetchHeroes
FNDA:0,fetchWicked
DA:2,0
DA:6,0
LF:2
LH:0
BRF:0
BRH:0
end_of_record
TN:
SF:/Users/nicolasfou/Works/iLab/TestingSuiteForFront/vue-hero-team/src/store/actions.ts
FNF:0
FNH:0
DA:3,0
DA:7,0
LF:2
LH:0
BRF:0
BRH:0
end_of_record
TN:
SF:/Users/nicolasfou/Works/iLab/TestingSuiteForFront/vue-hero-team/src/store/getters.ts
FNF:0
FNH:0
DA:3,0
DA:7,0
LF:2
LH:0
BRF:0
BRH:0
end_of_record
TN:
SF:/Users/nicolasfou/Works/iLab/TestingSuiteForFront/vue-hero-team/src/store/index.ts
FNF:0
FNH:0
DA:1,0
DA:2,0
DA:3,0
DA:4,0
DA:5,0
DA:6,0
DA:8,0
DA:10,0
LF:8
LH:0
BRF:0
BRH:0
end_of_record
TN:
SF:/Users/nicolasfou/Works/iLab/TestingSuiteForFront/vue-hero-team/src/store/mutations.ts
FN:29,(anonymous_0)
FN:35,(anonymous_1)
FNF:2
FNH:0
FNDA:0,(anonymous_0)
FNDA:0,(anonymous_1)
DA:3,0
DA:4,0
DA:5,0
DA:6,0
DA:7,0
DA:11,0
DA:15,0
DA:16,0
DA:17,0
DA:21,0
DA:27,0
DA:28,0
DA:29,0
DA:33,0
DA:34,0
DA:35,0
LF:16
LH:0
BRDA:5,0,0,0
BRDA:5,0,1,0
BRDA:6,1,0,0
BRDA:6,1,1,0
BRDA:15,2,0,0
BRDA:15,2,1,0
BRDA:16,3,0,0
BRDA:16,3,1,0
BRDA:27,4,0,0
BRDA:27,4,1,0
BRDA:33,5,0,0
BRDA:33,5,1,0
BRF:12
BRH:0
end_of_record
TN:
SF:/Users/nicolasfou/Works/iLab/TestingSuiteForFront/vue-hero-team/src/store/plugins.ts
FNF:0
FNH:0
LF:0
LH:0
BRDA:1,0,0,0
BRF:1
BRH:0
end_of_record
